app/manifest-merger-release-report.txt
-- Merging decision tree log ---
manifest
ADDED from AndroidManifest.xml:1:1
	xmlns:android
		ADDED from AndroidManifest.xml:1:11
	package
		ADDED from AndroidManifest.xml:2:5
		INJECTED from AndroidManifest.xml:0:0
		INJECTED from AndroidManifest.xml:0:0
	android:versionName
		INJECTED from AndroidManifest.xml:0:0
		INJECTED from AndroidManifest.xml:0:0
	android:versionCode
		INJECTED from AndroidManifest.xml:0:0
		INJECTED from AndroidManifest.xml:0:0
uses-permission#android.permission.BLUETOOTH
ADDED from AndroidManifest.xml:4:5
	android:name
		ADDED from AndroidManifest.xml:4:22
uses-permission#android.permission.BLUETOOTH_ADMIN
ADDED from AndroidManifest.xml:5:5
	android:name
		ADDED from AndroidManifest.xml:5:22
application
ADDED from AndroidManifest.xml:6:5
MERGED from com.android.support:appcompat-v7:22.2.0:22:5
MERGED from com.android.support:support-v4:22.2.0:22:5
MERGED from com.google.android.gms:play-services:7.5.0:19:5
MERGED from com.google.android.gms:play-services-ads:7.5.0:24:5
MERGED from com.google.android.gms:play-services-base:7.5.0:20:5
MERGED from com.android.support:support-v4:22.2.0:22:5
MERGED from com.google.android.gms:play-services-analytics:7.5.0:24:5
MERGED from com.google.android.gms:play-services-base:7.5.0:20:5
MERGED from com.android.support:support-v4:22.2.0:22:5
MERGED from com.google.android.gms:play-services-analytics:7.5.0:24:5
MERGED from com.google.android.gms:play-services-base:7.5.0:20:5
MERGED from com.android.support:support-v4:22.2.0:22:5
MERGED from com.google.android.gms:play-services-appindexing:7.5.0:19:5
MERGED from com.google.android.gms:play-services-base:7.5.0:20:5
MERGED from com.android.support:support-v4:22.2.0:22:5
MERGED from com.google.android.gms:play-services-appinvite:7.5.0:20:5
MERGED from com.google.android.gms:play-services-base:7.5.0:20:5
MERGED from com.android.support:support-v4:22.2.0:22:5
MERGED from com.google.android.gms:play-services-appstate:7.5.0:19:5
MERGED from com.google.android.gms:play-services-base:7.5.0:20:5
MERGED from com.android.support:support-v4:22.2.0:22:5
MERGED from com.google.android.gms:play-services-base:7.5.0:20:5
MERGED from com.android.support:support-v4:22.2.0:22:5
MERGED from com.google.android.gms:play-services-cast:7.5.0:19:5
MERGED from com.google.android.gms:play-services-base:7.5.0:20:5
MERGED from com.android.support:support-v4:22.2.0:22:5
MERGED from com.android.support:mediarouter-v7:22.0.0:22:5
MERGED from com.android.support:appcompat-v7:22.2.0:22:5
MERGED from com.android.support:support-v4:22.2.0:22:5
MERGED from com.google.android.gms:play-services-drive:7.5.0:19:5
MERGED from com.google.android.gms:play-services-base:7.5.0:20:5
MERGED from com.android.support:support-v4:22.2.0:22:5
MERGED from com.google.android.gms:play-services-fitness:7.5.0:19:5
MERGED from com.google.android.gms:play-services-base:7.5.0:20:5
MERGED from com.android.support:support-v4:22.2.0:22:5
MERGED from com.google.android.gms:play-services-location:7.5.0:19:5
MERGED from com.google.android.gms:play-services-base:7.5.0:20:5
MERGED from com.android.support:support-v4:22.2.0:22:5
MERGED from com.google.android.gms:play-services-maps:7.5.0:29:5
MERGED from com.google.android.gms:play-services-base:7.5.0:20:5
MERGED from com.android.support:support-v4:22.2.0:22:5
MERGED from com.google.android.gms:play-services-games:7.5.0:19:5
MERGED from com.google.android.gms:play-services-base:7.5.0:20:5
MERGED from com.android.support:support-v4:22.2.0:22:5
MERGED from com.google.android.gms:play-services-drive:7.5.0:19:5
MERGED from com.google.android.gms:play-services-base:7.5.0:20:5
MERGED from com.android.support:support-v4:22.2.0:22:5
MERGED from com.google.android.gms:play-services-gcm:7.5.0:19:5
MERGED from com.google.android.gms:play-services-base:7.5.0:20:5
MERGED from com.android.support:support-v4:22.2.0:22:5
MERGED from com.google.android.gms:play-services-identity:7.5.0:19:5
MERGED from com.google.android.gms:play-services-base:7.5.0:20:5
MERGED from com.android.support:support-v4:22.2.0:22:5
MERGED from com.google.android.gms:play-services-location:7.5.0:19:5
MERGED from com.google.android.gms:play-services-base:7.5.0:20:5
MERGED from com.android.support:support-v4:22.2.0:22:5
MERGED from com.google.android.gms:play-services-maps:7.5.0:29:5
MERGED from com.google.android.gms:play-services-base:7.5.0:20:5
MERGED from com.android.support:support-v4:22.2.0:22:5
MERGED from com.google.android.gms:play-services-maps:7.5.0:29:5
MERGED from com.google.android.gms:play-services-base:7.5.0:20:5
MERGED from com.android.support:support-v4:22.2.0:22:5
MERGED from com.google.android.gms:play-services-nearby:7.5.0:20:5
MERGED from com.google.android.gms:play-services-base:7.5.0:20:5
MERGED from com.android.support:support-v4:22.2.0:22:5
MERGED from com.google.android.gms:play-services-panorama:7.5.0:19:5
MERGED from com.google.android.gms:play-services-base:7.5.0:20:5
MERGED from com.android.support:support-v4:22.2.0:22:5
MERGED from com.google.android.gms:play-services-plus:7.5.0:19:5
MERGED from com.google.android.gms:play-services-base:7.5.0:20:5
MERGED from com.android.support:support-v4:22.2.0:22:5
MERGED from com.google.android.gms:play-services-safetynet:7.5.0:19:5
MERGED from com.google.android.gms:play-services-base:7.5.0:20:5
MERGED from com.android.support:support-v4:22.2.0:22:5
MERGED from com.google.android.gms:play-services-wallet:7.5.0:24:5
MERGED from com.google.android.gms:play-services-base:7.5.0:20:5
MERGED from com.android.support:support-v4:22.2.0:22:5
MERGED from com.google.android.gms:play-services-identity:7.5.0:19:5
MERGED from com.google.android.gms:play-services-base:7.5.0:20:5
MERGED from com.android.support:support-v4:22.2.0:22:5
MERGED from com.google.android.gms:play-services-maps:7.5.0:29:5
MERGED from com.google.android.gms:play-services-base:7.5.0:20:5
MERGED from com.android.support:support-v4:22.2.0:22:5
MERGED from com.google.android.gms:play-services-wearable:7.5.0:19:5
MERGED from com.google.android.gms:play-services-base:7.5.0:20:5
MERGED from com.android.support:support-v4:22.2.0:22:5
MERGED from com.android.support:cardview-v7:22.2.0:22:5
MERGED from com.awareframework:aware-core:3.4.6:53:5
	android:label
		ADDED from AndroidManifest.xml:6:45
	android:allowBackup
		ADDED from AndroidManifest.xml:6:18
	android:icon
		ADDED from AndroidManifest.xml:8:9
	android:theme
		ADDED from AndroidManifest.xml:9:9
service#com.aware.plugin.tracescollector.Plugin
ADDED from AndroidManifest.xml:11:9
	android:exported
		ADDED from AndroidManifest.xml:11:73
	android:name
		ADDED from AndroidManifest.xml:11:18
activity#com.aware.plugin.tracescollector.Settings
ADDED from AndroidManifest.xml:12:9
	android:theme
		ADDED from AndroidManifest.xml:12:100
	android:exported
		ADDED from AndroidManifest.xml:12:76
	android:name
		ADDED from AndroidManifest.xml:12:19
activity#com.aware.plugin.tracescollector.HelperActivity
ADDED from AndroidManifest.xml:14:9
	android:theme
		ADDED from AndroidManifest.xml:17:13
	android:exported
		ADDED from AndroidManifest.xml:16:13
	android:name
		ADDED from AndroidManifest.xml:15:13
receiver#com.aware.plugin.tracescollector.NotificationReceiver
ADDED from AndroidManifest.xml:20:9
	android:name
		ADDED from AndroidManifest.xml:20:19
intent-filter#com.aware.plugin.tracescollector.notification
ADDED from AndroidManifest.xml:21:13
action#com.aware.plugin.tracescollector.notification
ADDED from AndroidManifest.xml:22:17
	android:name
		ADDED from AndroidManifest.xml:22:25
provider#com.aware.plugin.tracescollector.Provider
ADDED from AndroidManifest.xml:26:9
	android:exported
		ADDED from AndroidManifest.xml:30:13
	android:authorities
		ADDED from AndroidManifest.xml:28:13
		INJECTED from AndroidManifest.xml:0:0
	android:readPermission
		ADDED from AndroidManifest.xml:31:13
	android:enabled
		ADDED from AndroidManifest.xml:29:13
	android:name
		ADDED from AndroidManifest.xml:27:13
	android:writePermission
		ADDED from AndroidManifest.xml:32:13
uses-sdk
INJECTED from AndroidManifest.xml:0:0 reason: use-sdk injection requested
MERGED from com.android.support:appcompat-v7:22.2.0:20:5
MERGED from com.android.support:support-v4:22.2.0:20:5
MERGED from com.google.android.gms:play-services:7.5.0:18:5
MERGED from com.google.android.gms:play-services-ads:7.5.0:23:5
MERGED from com.google.android.gms:play-services-base:7.5.0:18:5
MERGED from com.android.support:support-v4:22.2.0:20:5
MERGED from com.google.android.gms:play-services-analytics:7.5.0:18:5
MERGED from com.google.android.gms:play-services-base:7.5.0:18:5
MERGED from com.android.support:support-v4:22.2.0:20:5
MERGED from com.google.android.gms:play-services-analytics:7.5.0:18:5
MERGED from com.google.android.gms:play-services-base:7.5.0:18:5
MERGED from com.android.support:support-v4:22.2.0:20:5
MERGED from com.google.android.gms:play-services-appindexing:7.5.0:18:5
MERGED from com.google.android.gms:play-services-base:7.5.0:18:5
MERGED from com.android.support:support-v4:22.2.0:20:5
MERGED from com.google.android.gms:play-services-appinvite:7.5.0:18:5
MERGED from com.google.android.gms:play-services-base:7.5.0:18:5
MERGED from com.android.support:support-v4:22.2.0:20:5
MERGED from com.google.android.gms:play-services-appstate:7.5.0:18:5
MERGED from com.google.android.gms:play-services-base:7.5.0:18:5
MERGED from com.android.support:support-v4:22.2.0:20:5
MERGED from com.google.android.gms:play-services-base:7.5.0:18:5
MERGED from com.android.support:support-v4:22.2.0:20:5
MERGED from com.google.android.gms:play-services-cast:7.5.0:18:5
MERGED from com.google.android.gms:play-services-base:7.5.0:18:5
MERGED from com.android.support:support-v4:22.2.0:20:5
MERGED from com.android.support:mediarouter-v7:22.0.0:20:5
MERGED from com.android.support:appcompat-v7:22.2.0:20:5
MERGED from com.android.support:support-v4:22.2.0:20:5
MERGED from com.google.android.gms:play-services-drive:7.5.0:18:5
MERGED from com.google.android.gms:play-services-base:7.5.0:18:5
MERGED from com.android.support:support-v4:22.2.0:20:5
MERGED from com.google.android.gms:play-services-fitness:7.5.0:18:5
MERGED from com.google.android.gms:play-services-base:7.5.0:18:5
MERGED from com.android.support:support-v4:22.2.0:20:5
MERGED from com.google.android.gms:play-services-location:7.5.0:18:5
MERGED from com.google.android.gms:play-services-base:7.5.0:18:5
MERGED from com.android.support:support-v4:22.2.0:20:5
MERGED from com.google.android.gms:play-services-maps:7.5.0:28:5
MERGED from com.google.android.gms:play-services-base:7.5.0:18:5
MERGED from com.android.support:support-v4:22.2.0:20:5
MERGED from com.google.android.gms:play-services-games:7.5.0:18:5
MERGED from com.google.android.gms:play-services-base:7.5.0:18:5
MERGED from com.android.support:support-v4:22.2.0:20:5
MERGED from com.google.android.gms:play-services-drive:7.5.0:18:5
MERGED from com.google.android.gms:play-services-base:7.5.0:18:5
MERGED from com.android.support:support-v4:22.2.0:20:5
MERGED from com.google.android.gms:play-services-gcm:7.5.0:18:5
MERGED from com.google.android.gms:play-services-base:7.5.0:18:5
MERGED from com.android.support:support-v4:22.2.0:20:5
MERGED from com.google.android.gms:play-services-identity:7.5.0:18:5
MERGED from com.google.android.gms:play-services-base:7.5.0:18:5
MERGED from com.android.support:support-v4:22.2.0:20:5
MERGED from com.google.android.gms:play-services-location:7.5.0:18:5
MERGED from com.google.android.gms:play-services-base:7.5.0:18:5
MERGED from com.android.support:support-v4:22.2.0:20:5
MERGED from com.google.android.gms:play-services-maps:7.5.0:28:5
MERGED from com.google.android.gms:play-services-base:7.5.0:18:5
MERGED from com.android.support:support-v4:22.2.0:20:5
MERGED from com.google.android.gms:play-services-maps:7.5.0:28:5
MERGED from com.google.android.gms:play-services-base:7.5.0:18:5
MERGED from com.android.support:support-v4:22.2.0:20:5
MERGED from com.google.android.gms:play-services-nearby:7.5.0:18:5
MERGED from com.google.android.gms:play-services-base:7.5.0:18:5
MERGED from com.android.support:support-v4:22.2.0:20:5
MERGED from com.google.android.gms:play-services-panorama:7.5.0:18:5
MERGED from com.google.android.gms:play-services-base:7.5.0:18:5
MERGED from com.android.support:support-v4:22.2.0:20:5
MERGED from com.google.android.gms:play-services-plus:7.5.0:18:5
MERGED from com.google.android.gms:play-services-base:7.5.0:18:5
MERGED from com.android.support:support-v4:22.2.0:20:5
MERGED from com.google.android.gms:play-services-safetynet:7.5.0:18:5
MERGED from com.google.android.gms:play-services-base:7.5.0:18:5
MERGED from com.android.support:support-v4:22.2.0:20:5
MERGED from com.google.android.gms:play-services-wallet:7.5.0:19:5
MERGED from com.google.android.gms:play-services-base:7.5.0:18:5
MERGED from com.android.support:support-v4:22.2.0:20:5
MERGED from com.google.android.gms:play-services-identity:7.5.0:18:5
MERGED from com.google.android.gms:play-services-base:7.5.0:18:5
MERGED from com.android.support:support-v4:22.2.0:20:5
MERGED from com.google.android.gms:play-services-maps:7.5.0:28:5
MERGED from com.google.android.gms:play-services-base:7.5.0:18:5
MERGED from com.android.support:support-v4:22.2.0:20:5
MERGED from com.google.android.gms:play-services-wearable:7.5.0:18:5
MERGED from com.google.android.gms:play-services-base:7.5.0:18:5
MERGED from com.android.support:support-v4:22.2.0:20:5
MERGED from com.android.support:cardview-v7:22.2.0:20:5
MERGED from com.awareframework:aware-core:3.4.6:7:5
	android:targetSdkVersion
		INJECTED from AndroidManifest.xml:0:0
		INJECTED from AndroidManifest.xml:0:0
	android:minSdkVersion
		INJECTED from AndroidManifest.xml:0:0
		INJECTED from AndroidManifest.xml:0:0
uses-permission#android.permission.INTERNET
ADDED from com.google.android.gms:play-services-ads:7.5.0:20:5
MERGED from com.google.android.gms:play-services-analytics:7.5.0:21:5
MERGED from com.google.android.gms:play-services-analytics:7.5.0:21:5
MERGED from com.google.android.gms:play-services-appinvite:7.5.0:19:5
MERGED from com.google.android.gms:play-services-maps:7.5.0:21:5
MERGED from com.google.android.gms:play-services-maps:7.5.0:21:5
MERGED from com.google.android.gms:play-services-maps:7.5.0:21:5
MERGED from com.google.android.gms:play-services-wallet:7.5.0:20:5
MERGED from com.google.android.gms:play-services-maps:7.5.0:21:5
MERGED from com.awareframework:aware-core:3.4.6:49:5
	android:name
		ADDED from com.google.android.gms:play-services-ads:7.5.0:20:22
uses-permission#android.permission.ACCESS_NETWORK_STATE
ADDED from com.google.android.gms:play-services-ads:7.5.0:21:5
MERGED from com.google.android.gms:play-services-analytics:7.5.0:22:5
MERGED from com.google.android.gms:play-services-analytics:7.5.0:22:5
MERGED from com.google.android.gms:play-services-maps:7.5.0:20:5
MERGED from com.google.android.gms:play-services-maps:7.5.0:20:5
MERGED from com.google.android.gms:play-services-maps:7.5.0:20:5
MERGED from com.google.android.gms:play-services-nearby:7.5.0:19:5
MERGED from com.google.android.gms:play-services-maps:7.5.0:20:5
MERGED from com.awareframework:aware-core:3.4.6:50:5
	android:name
		ADDED from com.google.android.gms:play-services-ads:7.5.0:21:22
activity#com.google.android.gms.ads.AdActivity
ADDED from com.google.android.gms:play-services-ads:7.5.0:26:9
	android:configChanges
		ADDED from com.google.android.gms:play-services-ads:7.5.0:28:13
	android:theme
		ADDED from com.google.android.gms:play-services-ads:7.5.0:29:13
	android:name
		ADDED from com.google.android.gms:play-services-ads:7.5.0:27:13
activity#com.google.android.gms.ads.purchase.InAppPurchaseActivity
ADDED from com.google.android.gms:play-services-ads:7.5.0:30:9
	android:theme
		ADDED from com.google.android.gms:play-services-ads:7.5.0:31:13
	android:name
		ADDED from com.google.android.gms:play-services-ads:7.5.0:30:19
meta-data#com.google.android.gms.version
ADDED from com.google.android.gms:play-services-base:7.5.0:21:9
MERGED from com.google.android.gms:play-services-base:7.5.0:21:9
MERGED from com.google.android.gms:play-services-base:7.5.0:21:9
MERGED from com.google.android.gms:play-services-base:7.5.0:21:9
MERGED from com.google.android.gms:play-services-base:7.5.0:21:9
MERGED from com.google.android.gms:play-services-base:7.5.0:21:9
MERGED from com.google.android.gms:play-services-base:7.5.0:21:9
MERGED from com.google.android.gms:play-services-base:7.5.0:21:9
MERGED from com.google.android.gms:play-services-base:7.5.0:21:9
MERGED from com.google.android.gms:play-services-base:7.5.0:21:9
MERGED from com.google.android.gms:play-services-base:7.5.0:21:9
MERGED from com.google.android.gms:play-services-base:7.5.0:21:9
MERGED from com.google.android.gms:play-services-base:7.5.0:21:9
MERGED from com.google.android.gms:play-services-base:7.5.0:21:9
MERGED from com.google.android.gms:play-services-base:7.5.0:21:9
MERGED from com.google.android.gms:play-services-base:7.5.0:21:9
MERGED from com.google.android.gms:play-services-base:7.5.0:21:9
MERGED from com.google.android.gms:play-services-base:7.5.0:21:9
MERGED from com.google.android.gms:play-services-base:7.5.0:21:9
MERGED from com.google.android.gms:play-services-base:7.5.0:21:9
MERGED from com.google.android.gms:play-services-base:7.5.0:21:9
MERGED from com.google.android.gms:play-services-base:7.5.0:21:9
MERGED from com.google.android.gms:play-services-base:7.5.0:21:9
MERGED from com.google.android.gms:play-services-base:7.5.0:21:9
MERGED from com.google.android.gms:play-services-base:7.5.0:21:9
MERGED from com.google.android.gms:play-services-base:7.5.0:21:9
MERGED from com.google.android.gms:play-services-base:7.5.0:21:9
MERGED from com.awareframework:aware-core:3.4.6:57:9
	android:name
		ADDED from com.google.android.gms:play-services-base:7.5.0:22:13
	android:value
		ADDED from com.google.android.gms:play-services-base:7.5.0:23:13
uses-permission#android.permission.WRITE_EXTERNAL_STORAGE
ADDED from com.google.android.gms:play-services-maps:7.5.0:22:5
MERGED from com.google.android.gms:play-services-maps:7.5.0:22:5
MERGED from com.google.android.gms:play-services-maps:7.5.0:22:5
MERGED from com.google.android.gms:play-services-maps:7.5.0:22:5
MERGED from com.awareframework:aware-core:3.4.6:48:5
	android:name
		ADDED from com.google.android.gms:play-services-maps:7.5.0:22:22
uses-permission#android.permission.ACCESS_COARSE_LOCATION
ADDED from com.google.android.gms:play-services-maps:7.5.0:23:5
MERGED from com.google.android.gms:play-services-maps:7.5.0:23:5
MERGED from com.google.android.gms:play-services-maps:7.5.0:23:5
MERGED from com.google.android.gms:play-services-maps:7.5.0:23:5
	android:name
		ADDED from com.google.android.gms:play-services-maps:7.5.0:23:22
uses-feature#0x00020000
ADDED from com.google.android.gms:play-services-maps:7.5.0:24:5
MERGED from com.google.android.gms:play-services-maps:7.5.0:24:5
MERGED from com.google.android.gms:play-services-maps:7.5.0:24:5
MERGED from com.google.android.gms:play-services-maps:7.5.0:24:5
	android:required
		ADDED from com.google.android.gms:play-services-maps:7.5.0:26:8
	android:glEsVersion
		ADDED from com.google.android.gms:play-services-maps:7.5.0:25:8
android:uses-permission#android.permission.READ_EXTERNAL_STORAGE
IMPLIED from AndroidManifest.xml:1:1 reason: com.google.android.gms.maps requested WRITE_EXTERNAL_STORAGE
uses-permission#android.permission.GET_ACCOUNTS
ADDED from com.google.android.gms:play-services-wallet:7.5.0:21:5
	android:name
		ADDED from com.google.android.gms:play-services-wallet:7.5.0:21:22
uses-permission#android.permission.USE_CREDENTIALS
ADDED from com.google.android.gms:play-services-wallet:7.5.0:22:5
	android:name
		ADDED from com.google.android.gms:play-services-wallet:7.5.0:22:22
meta-data#com.google.android.gms.wallet.api.enabled
ADDED from com.google.android.gms:play-services-wallet:7.5.0:25:9
	android:name
		ADDED from com.google.android.gms:play-services-wallet:7.5.0:26:13
	android:value
		ADDED from com.google.android.gms:play-services-wallet:7.5.0:27:13
receiver#com.google.android.gms.wallet.EnableWalletOptimizationReceiver
ADDED from com.google.android.gms:play-services-wallet:7.5.0:28:9
	android:exported
		ADDED from com.google.android.gms:play-services-wallet:7.5.0:30:13
	android:name
		ADDED from com.google.android.gms:play-services-wallet:7.5.0:29:13
intent-filter#com.google.android.gms.wallet.ENABLE_WALLET_OPTIMIZATION
ADDED from com.google.android.gms:play-services-wallet:7.5.0:31:13
action#com.google.android.gms.wallet.ENABLE_WALLET_OPTIMIZATION
ADDED from com.google.android.gms:play-services-wallet:7.5.0:32:17
	android:name
		ADDED from com.google.android.gms:play-services-wallet:7.5.0:32:25
uses-feature#android.hardware.camera
ADDED from com.awareframework:aware-core:3.4.6:11:5
	android:name
		ADDED from com.awareframework:aware-core:3.4.6:11:19
uses-feature#android.hardware.camera.autofocus
ADDED from com.awareframework:aware-core:3.4.6:12:5
	android:name
		ADDED from com.awareframework:aware-core:3.4.6:12:19
uses-permission#com.aware.READ_CONTEXT_DATA
ADDED from com.awareframework:aware-core:3.4.6:46:5
	android:name
		ADDED from com.awareframework:aware-core:3.4.6:46:22
uses-permission#com.aware.WRITE_CONTEXT_DATA
ADDED from com.awareframework:aware-core:3.4.6:47:5
	android:name
		ADDED from com.awareframework:aware-core:3.4.6:47:22
uses-permission#android.permission.WAKE_LOCK
ADDED from com.awareframework:aware-core:3.4.6:51:5
	android:name
		ADDED from com.awareframework:aware-core:3.4.6:51:22
activity#com.aware.Aware_Preferences
ADDED from com.awareframework:aware-core:3.4.6:60:9
	android:label
		ADDED from com.awareframework:aware-core:3.4.6:66:13
	android:icon
		ADDED from com.awareframework:aware-core:3.4.6:65:13
	android:configChanges
		ADDED from com.awareframework:aware-core:3.4.6:62:13
	android:theme
		ADDED from com.awareframework:aware-core:3.4.6:68:13
	android:exported
		ADDED from com.awareframework:aware-core:3.4.6:64:13
	android:enabled
		ADDED from com.awareframework:aware-core:3.4.6:63:13
	android:name
		ADDED from com.awareframework:aware-core:3.4.6:61:13
	android:launchMode
		ADDED from com.awareframework:aware-core:3.4.6:67:13
intent-filter#android.intent.action.MAIN+android.intent.category.LAUNCHER
ADDED from com.awareframework:aware-core:3.4.6:69:13
action#android.intent.action.MAIN
ADDED from com.awareframework:aware-core:3.4.6:70:17
	android:name
		ADDED from com.awareframework:aware-core:3.4.6:70:25
category#android.intent.category.LAUNCHER
ADDED from com.awareframework:aware-core:3.4.6:72:17
	android:name
		ADDED from com.awareframework:aware-core:3.4.6:72:27
activity#com.aware.ui.Stream_UI
ADDED from com.awareframework:aware-core:3.4.6:75:9
	android:noHistory
		ADDED from com.awareframework:aware-core:3.4.6:83:13
	android:label
		ADDED from com.awareframework:aware-core:3.4.6:81:13
	android:icon
		ADDED from com.awareframework:aware-core:3.4.6:80:13
	android:configChanges
		ADDED from com.awareframework:aware-core:3.4.6:77:13
	android:theme
		ADDED from com.awareframework:aware-core:3.4.6:85:13
	android:exported
		ADDED from com.awareframework:aware-core:3.4.6:79:13
	android:enabled
		ADDED from com.awareframework:aware-core:3.4.6:78:13
	android:parentActivityName
		ADDED from com.awareframework:aware-core:3.4.6:84:13
	android:name
		ADDED from com.awareframework:aware-core:3.4.6:76:13
	android:launchMode
		ADDED from com.awareframework:aware-core:3.4.6:82:13
intent-filter#android.intent.action.ASSIST+android.intent.category.DEFAULT+android.intent.category.LAUNCHER
ADDED from com.awareframework:aware-core:3.4.6:86:13
action#android.intent.action.ASSIST
ADDED from com.awareframework:aware-core:3.4.6:87:17
	android:name
		ADDED from com.awareframework:aware-core:3.4.6:87:25
category#android.intent.category.DEFAULT
ADDED from com.awareframework:aware-core:3.4.6:89:17
	android:name
		ADDED from com.awareframework:aware-core:3.4.6:89:27
meta-data#com.android.systemui.action_assist_icon
ADDED from com.awareframework:aware-core:3.4.6:93:13
	android:resource
		ADDED from com.awareframework:aware-core:3.4.6:95:17
	android:name
		ADDED from com.awareframework:aware-core:3.4.6:94:17
meta-data#android.support.PARENT_ACTIVITY
ADDED from com.awareframework:aware-core:3.4.6:96:13
	android:name
		ADDED from com.awareframework:aware-core:3.4.6:97:17
	android:value
		ADDED from com.awareframework:aware-core:3.4.6:98:17
activity#com.aware.ui.CameraStudy
ADDED from com.awareframework:aware-core:3.4.6:100:9
	android:label
		ADDED from com.awareframework:aware-core:3.4.6:104:13
	android:configChanges
		ADDED from com.awareframework:aware-core:3.4.6:102:13
	android:theme
		ADDED from com.awareframework:aware-core:3.4.6:107:13
	android:enabled
		ADDED from com.awareframework:aware-core:3.4.6:103:13
	android:parentActivityName
		ADDED from com.awareframework:aware-core:3.4.6:106:13
	android:name
		ADDED from com.awareframework:aware-core:3.4.6:101:13
	android:launchMode
		ADDED from com.awareframework:aware-core:3.4.6:105:13
activity#com.aware.ui.Plugins_Manager
ADDED from com.awareframework:aware-core:3.4.6:112:9
	android:label
		ADDED from com.awareframework:aware-core:3.4.6:117:13
	android:icon
		ADDED from com.awareframework:aware-core:3.4.6:116:13
	android:configChanges
		ADDED from com.awareframework:aware-core:3.4.6:114:13
	android:theme
		ADDED from com.awareframework:aware-core:3.4.6:120:13
	android:exported
		ADDED from com.awareframework:aware-core:3.4.6:115:13
	android:parentActivityName
		ADDED from com.awareframework:aware-core:3.4.6:119:13
	android:name
		ADDED from com.awareframework:aware-core:3.4.6:113:13
	android:launchMode
		ADDED from com.awareframework:aware-core:3.4.6:118:13
activity#com.aware.ui.About
ADDED from com.awareframework:aware-core:3.4.6:125:9
	android:label
		ADDED from com.awareframework:aware-core:3.4.6:130:13
	android:configChanges
		ADDED from com.awareframework:aware-core:3.4.6:127:13
	android:theme
		ADDED from com.awareframework:aware-core:3.4.6:133:13
	android:exported
		ADDED from com.awareframework:aware-core:3.4.6:129:13
	android:enabled
		ADDED from com.awareframework:aware-core:3.4.6:128:13
	android:parentActivityName
		ADDED from com.awareframework:aware-core:3.4.6:132:13
	android:name
		ADDED from com.awareframework:aware-core:3.4.6:126:13
	android:launchMode
		ADDED from com.awareframework:aware-core:3.4.6:131:13
activity#com.aware.ui.ESM_Queue
ADDED from com.awareframework:aware-core:3.4.6:138:9
	android:noHistory
		ADDED from com.awareframework:aware-core:3.4.6:145:13
	android:configChanges
		ADDED from com.awareframework:aware-core:3.4.6:141:13
	android:theme
		ADDED from com.awareframework:aware-core:3.4.6:147:13
	android:exported
		ADDED from com.awareframework:aware-core:3.4.6:143:13
	android:showOnLockScreen
		ADDED from com.awareframework:aware-core:3.4.6:146:13
	android:clearTaskOnLaunch
		ADDED from com.awareframework:aware-core:3.4.6:140:13
	android:excludeFromRecents
		ADDED from com.awareframework:aware-core:3.4.6:142:13
	android:name
		ADDED from com.awareframework:aware-core:3.4.6:139:13
	android:launchMode
		ADDED from com.awareframework:aware-core:3.4.6:144:13
service#com.aware.utils.WearClient
ADDED from com.awareframework:aware-core:3.4.6:149:9
	android:exported
		ADDED from com.awareframework:aware-core:3.4.6:152:13
	android:enabled
		ADDED from com.awareframework:aware-core:3.4.6:151:13
	android:name
		ADDED from com.awareframework:aware-core:3.4.6:150:13
service#com.aware.utils.WearProxy
ADDED from com.awareframework:aware-core:3.4.6:153:9
	android:exported
		ADDED from com.awareframework:aware-core:3.4.6:156:13
	android:enabled
		ADDED from com.awareframework:aware-core:3.4.6:155:13
	android:name
		ADDED from com.awareframework:aware-core:3.4.6:154:13
intent-filter#com.google.android.gms.wearable.BIND_LISTENER
ADDED from com.awareframework:aware-core:3.4.6:157:13
action#com.google.android.gms.wearable.BIND_LISTENER
ADDED from com.awareframework:aware-core:3.4.6:158:17
	android:name
		ADDED from com.awareframework:aware-core:3.4.6:158:25
service#com.aware.Keyboard
ADDED from com.awareframework:aware-core:3.4.6:161:9
	android:exported
		ADDED from com.awareframework:aware-core:3.4.6:163:13
	android:name
		ADDED from com.awareframework:aware-core:3.4.6:162:13
service#com.aware.Aware
ADDED from com.awareframework:aware-core:3.4.6:164:9
	android:exported
		ADDED from com.awareframework:aware-core:3.4.6:166:13
	android:name
		ADDED from com.awareframework:aware-core:3.4.6:165:13
service#com.aware.Applications
ADDED from com.awareframework:aware-core:3.4.6:168:9
	android:exported
		ADDED from com.awareframework:aware-core:3.4.6:171:13
	android:enabled
		ADDED from com.awareframework:aware-core:3.4.6:170:13
	android:permission
		ADDED from com.awareframework:aware-core:3.4.6:172:13
	android:name
		ADDED from com.awareframework:aware-core:3.4.6:169:13
intent-filter#android.accessibilityservice.AccessibilityService
ADDED from com.awareframework:aware-core:3.4.6:173:13
action#android.accessibilityservice.AccessibilityService
ADDED from com.awareframework:aware-core:3.4.6:174:17
	android:name
		ADDED from com.awareframework:aware-core:3.4.6:174:25
meta-data#android.accessibilityservice
ADDED from com.awareframework:aware-core:3.4.6:177:13
	android:resource
		ADDED from com.awareframework:aware-core:3.4.6:179:17
	android:name
		ADDED from com.awareframework:aware-core:3.4.6:178:17
service#com.aware.Applications$BackgroundService
ADDED from com.awareframework:aware-core:3.4.6:181:9
	android:exported
		ADDED from com.awareframework:aware-core:3.4.6:183:13
	android:name
		ADDED from com.awareframework:aware-core:3.4.6:182:13
service#com.aware.Locations
ADDED from com.awareframework:aware-core:3.4.6:185:9
	android:exported
		ADDED from com.awareframework:aware-core:3.4.6:187:13
	android:name
		ADDED from com.awareframework:aware-core:3.4.6:186:13
service#com.aware.Bluetooth
ADDED from com.awareframework:aware-core:3.4.6:189:9